{
  "0 debug pnpm:scope": {
    "selected": 1,
    "workspacePrefix": "/Users/tedraykov/dev/alttreble/arctic-sklad"
  },
  "1 error pnpm": {
    "code": "ELIFECYCLE",
    "errno": "ENOENT",
    "syscall": "spawn",
    "file": "sh",
    "pkgid": "arctic-sklad-api@1.0.0",
    "stage": "dev",
    "script": "nodemon",
    "pkgname": "arctic-sklad-api",
    "err": {
      "name": "pnpm",
      "message": "arctic-sklad-api@1.0.0 dev: `nodemon`\nspawn ENOENT",
      "code": "ELIFECYCLE",
      "stack": "pnpm: arctic-sklad-api@1.0.0 dev: `nodemon`\nspawn ENOENT\n    at ChildProcess.<anonymous> (/Users/tedraykov/.nvm/versions/node/v14.19.3/pnpm-global/4/node_modules/.pnpm/pnpm@7.5.0/node_modules/pnpm/dist/pnpm.cjs:95169:22)\n    at ChildProcess.emit (events.js:400:28)\n    at maybeClose (internal/child_process.js:1088:16)\n    at Process.ChildProcess._handle.onexit (internal/child_process.js:296:5)"
    }
  }
}